0 info it worked if it ends with ok
1 verbose cli [ 'node',
1 verbose cli   '/usr/local/bin/npm',
1 verbose cli   'install',
1 verbose cli   'grunt-contrib-requirejs' ]
2 info using npm@2.1.11
3 info using node@v0.10.33
4 verbose node symlink /usr/local/bin/node
5 warn package.json tongjo@1.0.0 No README data
6 silly cache add args [ 'grunt-contrib-requirejs', null ]
7 verbose cache add spec grunt-contrib-requirejs
8 silly cache add parsed spec { raw: 'grunt-contrib-requirejs',
8 silly cache add   scope: null,
8 silly cache add   name: 'grunt-contrib-requirejs',
8 silly cache add   rawSpec: '',
8 silly cache add   spec: '*',
8 silly cache add   type: 'range' }
9 verbose addNamed grunt-contrib-requirejs@*
10 silly addNamed semver.valid null
11 silly addNamed semver.validRange *
12 silly addNameRange { name: 'grunt-contrib-requirejs', range: '*', hasData: false }
13 silly mapToRegistry name grunt-contrib-requirejs
14 silly mapToRegistry using default registry
15 silly mapToRegistry registry https://registry.npmjs.org/
16 silly mapToRegistry uri https://registry.npmjs.org/grunt-contrib-requirejs
17 verbose addNameRange registry:https://registry.npmjs.org/grunt-contrib-requirejs not in flight; fetching
18 verbose request uri https://registry.npmjs.org/grunt-contrib-requirejs
19 verbose request no auth needed
20 info attempt registry request try #1 at 15:18:09
21 verbose request id 7e76c9af77c430d4
22 http request GET https://registry.npmjs.org/grunt-contrib-requirejs
23 http 200 https://registry.npmjs.org/grunt-contrib-requirejs
24 silly get cb [ 200,
24 silly get   { date: 'Thu, 18 Dec 2014 07:18:14 GMT',
24 silly get     server: 'CouchDB/1.5.0 (Erlang OTP/R16B03)',
24 silly get     etag: '"A7UYZOMBCK0TGQVYE7DDXA01Y"',
24 silly get     'content-type': 'application/json',
24 silly get     'cache-control': 'max-age=60',
24 silly get     'content-length': '22552',
24 silly get     'accept-ranges': 'bytes',
24 silly get     via: '1.1 varnish',
24 silly get     age: '0',
24 silly get     'x-served-by': 'cache-lax1422-LAX',
24 silly get     'x-cache': 'HIT',
24 silly get     'x-cache-hits': '1',
24 silly get     'x-timer': 'S1418887094.496739,VS0,VE305',
24 silly get     vary: 'Accept',
24 silly get     'keep-alive': 'timeout=10, max=50',
24 silly get     connection: 'Keep-Alive' } ]
25 silly addNameRange number 2 { name: 'grunt-contrib-requirejs', range: '*', hasData: true }
26 silly addNameRange versions [ 'grunt-contrib-requirejs',
26 silly addNameRange   [ '0.1.0',
26 silly addNameRange     '0.2.0',
26 silly addNameRange     '0.3.0',
26 silly addNameRange     '0.3.2',
26 silly addNameRange     '0.3.3',
26 silly addNameRange     '0.3.4',
26 silly addNameRange     '0.4.0',
26 silly addNameRange     '0.4.1',
26 silly addNameRange     '0.4.2',
26 silly addNameRange     '0.4.3',
26 silly addNameRange     '0.4.4',
26 silly addNameRange     '0.4.0-rc7' ] ]
27 verbose addNamed grunt-contrib-requirejs@0.4.4
28 silly addNamed semver.valid 0.4.4
29 silly addNamed semver.validRange 0.4.4
30 silly mapToRegistry name grunt-contrib-requirejs
31 silly mapToRegistry using default registry
32 silly mapToRegistry registry https://registry.npmjs.org/
33 silly mapToRegistry uri https://registry.npmjs.org/grunt-contrib-requirejs
34 verbose addRemoteTarball https://registry.npmjs.org/grunt-contrib-requirejs/-/grunt-contrib-requirejs-0.4.4.tgz not in flight; adding
35 verbose addRemoteTarball [ 'https://registry.npmjs.org/grunt-contrib-requirejs/-/grunt-contrib-requirejs-0.4.4.tgz',
35 verbose addRemoteTarball   '87f2165a981e48a45d22f8cc5299d0934031b972' ]
36 info retry fetch attempt 1 at 15:18:17
37 info attempt registry request try #1 at 15:18:17
38 http fetch GET https://registry.npmjs.org/grunt-contrib-requirejs/-/grunt-contrib-requirejs-0.4.4.tgz
39 http fetch 200 https://registry.npmjs.org/grunt-contrib-requirejs/-/grunt-contrib-requirejs-0.4.4.tgz
40 silly fetchAndShaCheck shasum 87f2165a981e48a45d22f8cc5299d0934031b972
41 verbose addTmpTarball /var/folders/kq/gk5xw2mj06xff_sk0k0g50nr0000gn/T/npm-20158-417594f3/registry.npmjs.org/grunt-contrib-requirejs/-/grunt-contrib-requirejs-0.4.4.tgz not in flight; adding
42 verbose addTmpTarball already have metadata; skipping unpack for grunt-contrib-requirejs@0.4.4
43 silly cache afterAdd grunt-contrib-requirejs@0.4.4
44 verbose afterAdd /Users/ycd/.npm/grunt-contrib-requirejs/0.4.4/package/package.json not in flight; writing
45 verbose afterAdd /Users/ycd/.npm/grunt-contrib-requirejs/0.4.4/package/package.json written
46 silly install resolved [ { name: 'grunt-contrib-requirejs',
46 silly install resolved     description: 'Optimize RequireJS projects using r.js.',
46 silly install resolved     version: '0.4.4',
46 silly install resolved     homepage: 'https://github.com/gruntjs/grunt-contrib-requirejs',
46 silly install resolved     author: { name: 'Grunt Team', url: 'http://gruntjs.com/' },
46 silly install resolved     repository:
46 silly install resolved      { type: 'git',
46 silly install resolved        url: 'git://github.com/gruntjs/grunt-contrib-requirejs.git' },
46 silly install resolved     bugs: { url: 'https://github.com/gruntjs/grunt-contrib-requirejs/issues' },
46 silly install resolved     licenses: [ [Object] ],
46 silly install resolved     engines: { node: '>= 0.8.0' },
46 silly install resolved     scripts: { test: 'grunt test' },
46 silly install resolved     dependencies: { requirejs: '~2.1.0' },
46 silly install resolved     devDependencies:
46 silly install resolved      { 'grunt-contrib-jshint': '~0.2.0',
46 silly install resolved        'grunt-contrib-nodeunit': '~0.1.2',
46 silly install resolved        'grunt-contrib-clean': '~0.4.0',
46 silly install resolved        'grunt-contrib-internal': '~0.4.7',
46 silly install resolved        grunt: '~0.4.0' },
46 silly install resolved     peerDependencies: { grunt: '~0.4.0' },
46 silly install resolved     keywords: [ 'gruntplugin' ],
46 silly install resolved     files: [ 'tasks', 'LICENSE-MIT' ],
46 silly install resolved     _id: 'grunt-contrib-requirejs@0.4.4',
46 silly install resolved     dist:
46 silly install resolved      { shasum: '87f2165a981e48a45d22f8cc5299d0934031b972',
46 silly install resolved        tarball: 'http://registry.npmjs.org/grunt-contrib-requirejs/-/grunt-contrib-requirejs-0.4.4.tgz' },
46 silly install resolved     _from: 'grunt-contrib-requirejs@*',
46 silly install resolved     _npmVersion: '1.4.3',
46 silly install resolved     _npmUser: { name: 'tkellen', email: 'tyler@sleekcode.net' },
46 silly install resolved     maintainers: [ [Object], [Object], [Object], [Object], [Object], [Object] ],
46 silly install resolved     directories: {},
46 silly install resolved     _shasum: '87f2165a981e48a45d22f8cc5299d0934031b972',
46 silly install resolved     _resolved: 'https://registry.npmjs.org/grunt-contrib-requirejs/-/grunt-contrib-requirejs-0.4.4.tgz' } ]
47 info install grunt-contrib-requirejs@0.4.4 into /Users/ycd/tongjo/tongjo-web
48 info installOne grunt-contrib-requirejs@0.4.4
49 verbose installOne of grunt-contrib-requirejs to /Users/ycd/tongjo/tongjo-web not in flight; installing
50 warn locking Error: EACCES, open '/Users/ycd/.npm/_locks/grunt-contrib-requirejs-fe1612956632690d.lock'
50 warn locking  /Users/ycd/.npm/_locks/grunt-contrib-requirejs-fe1612956632690d.lock failed { [Error: EACCES, open '/Users/ycd/.npm/_locks/grunt-contrib-requirejs-fe1612956632690d.lock']
50 warn locking   errno: 3,
50 warn locking   code: 'EACCES',
50 warn locking   path: '/Users/ycd/.npm/_locks/grunt-contrib-requirejs-fe1612956632690d.lock' }
51 verbose stack Error: Attempt to unlock /Users/ycd/tongjo/tongjo-web/node_modules/grunt-contrib-requirejs, which hasn't been locked
51 verbose stack     at unlock (/usr/local/lib/node_modules/npm/lib/utils/locker.js:66:11)
51 verbose stack     at cb (/usr/local/lib/node_modules/npm/lib/install.js:929:5)
51 verbose stack     at /usr/local/lib/node_modules/npm/lib/install.js:933:20
51 verbose stack     at /usr/local/lib/node_modules/npm/lib/utils/locker.js:40:9
51 verbose stack     at cb (/usr/local/lib/node_modules/npm/node_modules/lockfile/lockfile.js:149:38)
51 verbose stack     at /usr/local/lib/node_modules/npm/node_modules/lockfile/lockfile.js:177:38
51 verbose stack     at Object.oncomplete (fs.js:107:15)
52 verbose cwd /Users/ycd/tongjo/tongjo-web
53 error Darwin 14.0.0
54 error argv "node" "/usr/local/bin/npm" "install" "grunt-contrib-requirejs"
55 error node v0.10.33
56 error npm  v2.1.11
57 error Attempt to unlock /Users/ycd/tongjo/tongjo-web/node_modules/grunt-contrib-requirejs, which hasn't been locked
58 error If you need help, you may report this error at:
58 error     <http://github.com/npm/npm/issues>
59 verbose exit [ 1, true ]
